<?xml version="1.0" encoding="UTF-8"?>
<!-- Generated by org.testng.reporters.JUnitReportReporter -->
<testsuite hostname="DESKTOP-5JR881T" failures="0" tests="1" name="TestSuite.TC001_LoginTest" time="1.922" errors="0" timestamp="2024-08-31T15:45:42 IST" skipped="0">
  <testcase classname="TestSuite.TC001_LoginTest" name="verifyLogin" time="1.922"/>
</testsuite> <!-- TestSuite.TC001_LoginTest -->
